2023-05-30 18:36:45.058 [info] Extension host with pid 111 started
2023-05-30 18:36:45.076 [info] Lock '/home/odinstudent/.vscode-server/data/User/workspaceStorage/04464cbae40019bb2d5cbb20718defbf/vscode.lock': Lock acquired.
2023-05-30 18:36:45.135 [info] ExtensionService#_doActivateExtension vscode.emmet, startup: false, activationEvent: 'onLanguage'
2023-05-30 18:36:45.137 [info] ExtensionService#_doActivateExtension vscode.html-language-features, startup: false, activationEvent: 'onLanguage:html'
2023-05-30 18:36:45.584 [info] ExtensionService#_doActivateExtension vscode.git-base, startup: true, activationEvent: '*', root cause: vscode.git
2023-05-30 18:36:45.611 [info] ExtensionService#_doActivateExtension vscode.git, startup: true, activationEvent: '*'
2023-05-30 18:36:45.612 [info] ExtensionService#_doActivateExtension vscode.github, startup: true, activationEvent: '*'
2023-05-30 18:36:45.732 [info] ExtensionService#_doActivateExtension vscode.json-language-features, startup: false, activationEvent: 'onLanguage:jsonc'
2023-05-30 18:36:45.733 [info] ExtensionService#_doActivateExtension vscode.typescript-language-features, startup: false, activationEvent: 'onLanguage:jsonc'
2023-05-30 18:36:45.844 [info] Eager extensions activated
2023-05-30 18:36:45.844 [info] ExtensionService#_doActivateExtension vscode.debug-auto-launch, startup: false, activationEvent: 'onStartupFinished'
2023-05-30 18:36:45.845 [info] ExtensionService#_doActivateExtension vscode.merge-conflict, startup: false, activationEvent: 'onStartupFinished'
2023-05-30 18:36:45.845 [info] ExtensionService#_doActivateExtension ritwickdey.LiveServer, startup: false, activationEvent: 'onStartupFinished'
2023-05-30 20:10:47.072 [info] ExtensionService#_doActivateExtension vscode.extension-editing, startup: false, activationEvent: 'onLanguage:markdown'
2023-05-30 20:10:47.073 [info] ExtensionService#_doActivateExtension vscode.markdown-language-features, startup: false, activationEvent: 'onLanguage:markdown'
2023-05-30 20:10:47.611 [info] ExtensionService#_doActivateExtension vscode.markdown-math, startup: false, activationEvent: 'api', root cause: vscode.markdown-language-features
2023-05-30 20:12:29.413 [info] ExtensionService#_doActivateExtension vscode.npm, startup: false, activationEvent: 'onTerminalQuickFixRequest:ms-vscode.npm-command'
2023-05-30 22:15:28.777 [info] ExtensionService#_doActivateExtension vscode.css-language-features, startup: false, activationEvent: 'onLanguage:css'
2023-05-31 02:03:06.738 [error] [vscode.emmet] provider FAILED
2023-05-31 02:03:06.742 [error] Error: Unable to find matching pair for < at char 922
	at r.error (/home/odinstudent/.vscode-server/bin/b3e4e68a0bc097f0ae7907b217c1119af9e03435/extensions/emmet/dist/node/emmetNodeMain.js:1:22545)
	at f (/home/odinstudent/.vscode-server/bin/b3e4e68a0bc097f0ae7907b217c1119af9e03435/extensions/emmet/dist/node/emmetNodeMain.js:1:21775)
	at u (/home/odinstudent/.vscode-server/bin/b3e4e68a0bc097f0ae7907b217c1119af9e03435/extensions/emmet/dist/node/emmetNodeMain.js:1:14436)
	at l (/home/odinstudent/.vscode-server/bin/b3e4e68a0bc097f0ae7907b217c1119af9e03435/extensions/emmet/dist/node/emmetNodeMain.js:1:14549)
	at /home/odinstudent/.vscode-server/bin/b3e4e68a0bc097f0ae7907b217c1119af9e03435/extensions/emmet/dist/node/emmetNodeMain.js:1:15164
	at m (/home/odinstudent/.vscode-server/bin/b3e4e68a0bc097f0ae7907b217c1119af9e03435/extensions/emmet/dist/node/emmetNodeMain.js:1:15271)
	at E (/home/odinstudent/.vscode-server/bin/b3e4e68a0bc097f0ae7907b217c1119af9e03435/extensions/emmet/dist/node/emmetNodeMain.js:1:16189)
	at I (/home/odinstudent/.vscode-server/bin/b3e4e68a0bc097f0ae7907b217c1119af9e03435/extensions/emmet/dist/node/emmetNodeMain.js:1:16599)
	at t.getRootNode (/home/odinstudent/.vscode-server/bin/b3e4e68a0bc097f0ae7907b217c1119af9e03435/extensions/emmet/dist/node/emmetNodeMain.js:1:210241)
	at t.DefaultCompletionItemProvider.b (/home/odinstudent/.vscode-server/bin/b3e4e68a0bc097f0ae7907b217c1119af9e03435/extensions/emmet/dist/node/emmetNodeMain.js:1:195341)
	at t.DefaultCompletionItemProvider.provideCompletionItems (/home/odinstudent/.vscode-server/bin/b3e4e68a0bc097f0ae7907b217c1119af9e03435/extensions/emmet/dist/node/emmetNodeMain.js:1:194279)
	at oe.provideCompletionItems (/home/odinstudent/.vscode-server/bin/b3e4e68a0bc097f0ae7907b217c1119af9e03435/out/vs/workbench/api/node/extensionHostProcess.js:101:52903)
	at /home/odinstudent/.vscode-server/bin/b3e4e68a0bc097f0ae7907b217c1119af9e03435/out/vs/workbench/api/node/extensionHostProcess.js:101:73510
	at le.s (/home/odinstudent/.vscode-server/bin/b3e4e68a0bc097f0ae7907b217c1119af9e03435/out/vs/workbench/api/node/extensionHostProcess.js:101:65165)
	at le.$provideCompletionItems (/home/odinstudent/.vscode-server/bin/b3e4e68a0bc097f0ae7907b217c1119af9e03435/out/vs/workbench/api/node/extensionHostProcess.js:101:73496)
	at a.N (/home/odinstudent/.vscode-server/bin/b3e4e68a0bc097f0ae7907b217c1119af9e03435/out/vs/workbench/api/node/extensionHostProcess.js:111:11620)
	at a.M (/home/odinstudent/.vscode-server/bin/b3e4e68a0bc097f0ae7907b217c1119af9e03435/out/vs/workbench/api/node/extensionHostProcess.js:111:11338)
	at a.H (/home/odinstudent/.vscode-server/bin/b3e4e68a0bc097f0ae7907b217c1119af9e03435/out/vs/workbench/api/node/extensionHostProcess.js:111:10393)
	at a.G (/home/odinstudent/.vscode-server/bin/b3e4e68a0bc097f0ae7907b217c1119af9e03435/out/vs/workbench/api/node/extensionHostProcess.js:111:9412)
	at /home/odinstudent/.vscode-server/bin/b3e4e68a0bc097f0ae7907b217c1119af9e03435/out/vs/workbench/api/node/extensionHostProcess.js:111:8200
	at v.invoke (/home/odinstudent/.vscode-server/bin/b3e4e68a0bc097f0ae7907b217c1119af9e03435/out/vs/workbench/api/node/extensionHostProcess.js:63:145)
	at h.deliver (/home/odinstudent/.vscode-server/bin/b3e4e68a0bc097f0ae7907b217c1119af9e03435/out/vs/workbench/api/node/extensionHostProcess.js:63:2121)
	at i.fire (/home/odinstudent/.vscode-server/bin/b3e4e68a0bc097f0ae7907b217c1119af9e03435/out/vs/workbench/api/node/extensionHostProcess.js:63:1729)
	at g.fire (/home/odinstudent/.vscode-server/bin/b3e4e68a0bc097f0ae7907b217c1119af9e03435/out/vs/workbench/api/node/extensionHostProcess.js:72:14852)
	at /home/odinstudent/.vscode-server/bin/b3e4e68a0bc097f0ae7907b217c1119af9e03435/out/vs/workbench/api/node/extensionHostProcess.js:127:32403
	at v.invoke (/home/odinstudent/.vscode-server/bin/b3e4e68a0bc097f0ae7907b217c1119af9e03435/out/vs/workbench/api/node/extensionHostProcess.js:63:145)
	at h.deliver (/home/odinstudent/.vscode-server/bin/b3e4e68a0bc097f0ae7907b217c1119af9e03435/out/vs/workbench/api/node/extensionHostProcess.js:63:2121)
	at i.fire (/home/odinstudent/.vscode-server/bin/b3e4e68a0bc097f0ae7907b217c1119af9e03435/out/vs/workbench/api/node/extensionHostProcess.js:63:1729)
	at g.fire (/home/odinstudent/.vscode-server/bin/b3e4e68a0bc097f0ae7907b217c1119af9e03435/out/vs/workbench/api/node/extensionHostProcess.js:72:14852)
	at u.E (/home/odinstudent/.vscode-server/bin/b3e4e68a0bc097f0ae7907b217c1119af9e03435/out/vs/workbench/api/node/extensionHostProcess.js:72:18899)
	at /home/odinstudent/.vscode-server/bin/b3e4e68a0bc097f0ae7907b217c1119af9e03435/out/vs/workbench/api/node/extensionHostProcess.js:72:18078
	at v.invoke (/home/odinstudent/.vscode-server/bin/b3e4e68a0bc097f0ae7907b217c1119af9e03435/out/vs/workbench/api/node/extensionHostProcess.js:63:145)
	at h.deliver (/home/odinstudent/.vscode-server/bin/b3e4e68a0bc097f0ae7907b217c1119af9e03435/out/vs/workbench/api/node/extensionHostProcess.js:63:2121)
	at i.fire (/home/odinstudent/.vscode-server/bin/b3e4e68a0bc097f0ae7907b217c1119af9e03435/out/vs/workbench/api/node/extensionHostProcess.js:63:1729)
	at d.acceptChunk (/home/odinstudent/.vscode-server/bin/b3e4e68a0bc097f0ae7907b217c1119af9e03435/out/vs/workbench/api/node/extensionHostProcess.js:72:12583)
	at /home/odinstudent/.vscode-server/bin/b3e4e68a0bc097f0ae7907b217c1119af9e03435/out/vs/workbench/api/node/extensionHostProcess.js:72:11870
	at v.invoke (/home/odinstudent/.vscode-server/bin/b3e4e68a0bc097f0ae7907b217c1119af9e03435/out/vs/workbench/api/node/extensionHostProcess.js:63:145)
	at h.deliver (/home/odinstudent/.vscode-server/bin/b3e4e68a0bc097f0ae7907b217c1119af9e03435/out/vs/workbench/api/node/extensionHostProcess.js:63:2121)
	at i.fire (/home/odinstudent/.vscode-server/bin/b3e4e68a0bc097f0ae7907b217c1119af9e03435/out/vs/workbench/api/node/extensionHostProcess.js:63:1729)
	at y.u (/home/odinstudent/.vscode-server/bin/b3e4e68a0bc097f0ae7907b217c1119af9e03435/out/vs/workbench/api/node/extensionHostProcess.js:127:20039)
	at y.acceptFrame (/home/odinstudent/.vscode-server/bin/b3e4e68a0bc097f0ae7907b217c1119af9e03435/out/vs/workbench/api/node/extensionHostProcess.js:127:19845)
	at h.l (/home/odinstudent/.vscode-server/bin/b3e4e68a0bc097f0ae7907b217c1119af9e03435/out/vs/workbench/api/node/extensionHostProcess.js:127:18438)
	at /home/odinstudent/.vscode-server/bin/b3e4e68a0bc097f0ae7907b217c1119af9e03435/out/vs/workbench/api/node/extensionHostProcess.js:127:15775
	at Socket.n (/home/odinstudent/.vscode-server/bin/b3e4e68a0bc097f0ae7907b217c1119af9e03435/out/vs/workbench/api/node/extensionHostProcess.js:127:13609)
	at Socket.emit (node:events:513:28)
	at addChunk (node:internal/streams/readable:315:12)
	at readableAddChunk (node:internal/streams/readable:289:9)
	at Socket.Readable.push (node:internal/streams/readable:228:10)
	at TCP.onStreamRead (node:internal/stream_base_commons:190:23)
