2023-05-30 18:36:45.941 [info] Log level: Info
2023-05-30 18:36:45.941 [info] Validating found git in: "git"
2023-05-30 18:36:45.941 [info] Using git "2.40.1" from "git"
2023-05-30 18:36:45.946 [info] > git rev-parse --show-toplevel [102ms]
2023-05-30 18:36:45.946 [info] fatal: not a git repository (or any of the parent directories): .git
2023-05-30 18:36:45.951 [info] > git rev-parse --show-toplevel [1ms]
2023-05-30 18:36:45.952 [info] fatal: not a git repository (or any of the parent directories): .git
2023-05-30 18:36:45.957 [info] > git rev-parse --show-toplevel [1ms]
2023-05-30 18:36:45.957 [info] fatal: not a git repository (or any of the parent directories): .git
2023-05-30 18:36:45.991 [info] > git rev-parse --show-toplevel [27ms]
2023-05-30 18:36:45.991 [info] fatal: not a git repository (or any of the parent directories): .git
2023-05-30 18:36:46.014 [info] > git rev-parse --show-toplevel [19ms]
2023-05-30 18:36:46.014 [info] fatal: not a git repository (or any of the parent directories): .git
2023-05-30 18:36:46.018 [info] > git rev-parse --show-toplevel [1ms]
2023-05-30 18:36:46.018 [info] fatal: not a git repository (or any of the parent directories): .git
2023-05-30 18:36:46.023 [info] > git rev-parse --show-toplevel [1ms]
2023-05-30 18:36:46.023 [info] fatal: not a git repository (or any of the parent directories): .git
2023-05-30 18:36:46.029 [info] > git rev-parse --show-toplevel [1ms]
2023-05-30 18:36:46.029 [info] fatal: not a git repository (or any of the parent directories): .git
2023-05-30 18:36:46.035 [info] > git rev-parse --show-toplevel [1ms]
2023-05-30 18:36:46.035 [info] fatal: not a git repository (or any of the parent directories): .git
2023-05-30 18:36:46.040 [info] > git rev-parse --show-toplevel [1ms]
2023-05-30 18:36:46.041 [info] fatal: not a git repository (or any of the parent directories): .git
2023-05-30 18:36:46.047 [info] > git rev-parse --show-toplevel [1ms]
2023-05-30 18:36:46.047 [info] fatal: not a git repository (or any of the parent directories): .git
2023-05-30 18:36:46.056 [info] > git rev-parse --show-toplevel [2ms]
2023-05-30 18:36:46.056 [info] fatal: not a git repository (or any of the parent directories): .git
2023-05-30 18:36:46.062 [info] > git rev-parse --show-toplevel [1ms]
2023-05-30 18:36:46.062 [info] fatal: not a git repository (or any of the parent directories): .git
2023-05-30 18:36:46.096 [info] > git rev-parse --show-toplevel [29ms]
2023-05-30 18:36:46.096 [info] fatal: not a git repository (or any of the parent directories): .git
2023-05-30 19:48:12.176 [info] > git rev-parse --show-toplevel [15ms]
2023-05-30 19:48:12.176 [info] fatal: not a git repository (or any of the parent directories): .git
2023-05-30 19:48:19.257 [info] > git rev-parse --show-toplevel [2ms]
2023-05-30 19:48:19.257 [info] fatal: not a git repository (or any of the parent directories): .git
2023-05-30 19:49:38.326 [info] > git rev-parse --show-toplevel [7ms]
2023-05-30 19:49:38.326 [info] fatal: not a git repository (or any of the parent directories): .git
2023-05-30 19:49:42.193 [info] > git rev-parse --show-toplevel [2ms]
2023-05-30 19:49:42.193 [info] fatal: not a git repository (or any of the parent directories): .git
2023-05-30 19:50:11.454 [info] > git rev-parse --show-toplevel [2ms]
2023-05-30 19:50:11.454 [info] fatal: not a git repository (or any of the parent directories): .git
2023-05-30 19:50:22.709 [info] > git rev-parse --show-toplevel [2ms]
2023-05-30 19:50:22.709 [info] fatal: not a git repository (or any of the parent directories): .git
2023-05-30 19:51:18.299 [info] > git rev-parse --show-toplevel [1ms]
2023-05-30 19:51:18.300 [info] fatal: not a git repository (or any of the parent directories): .git
2023-05-30 19:51:21.688 [info] > git rev-parse --show-toplevel [2ms]
2023-05-30 19:51:21.689 [info] fatal: not a git repository (or any of the parent directories): .git
2023-05-30 19:51:24.784 [info] > git rev-parse --show-toplevel [1ms]
2023-05-30 19:51:24.785 [info] fatal: not a git repository (or any of the parent directories): .git
2023-05-30 19:51:27.512 [info] > git rev-parse --show-toplevel [2ms]
2023-05-30 19:51:27.513 [info] fatal: not a git repository (or any of the parent directories): .git
2023-05-30 19:52:26.337 [info] > git rev-parse --show-toplevel [3ms]
2023-05-30 19:52:26.337 [info] fatal: not a git repository (or any of the parent directories): .git
2023-05-30 20:10:41.055 [info] > git rev-parse --show-toplevel [5ms]
2023-05-30 20:10:41.069 [info] > git rev-parse --git-dir --git-common-dir [1ms]
2023-05-30 20:10:41.088 [info] Open repository: /home/odinstudent/repos/git_test
2023-05-30 20:10:41.106 [info] > git config --get commit.template [2ms]
2023-05-30 20:10:41.126 [info] > git for-each-ref --format=%(refname)%00%(upstream:short)%00%(objectname)%00%(upstream:track)%00%(upstream:remotename)%00%(upstream:remoteref) refs/heads/main refs/remotes/main [7ms]
2023-05-30 20:10:41.140 [info] > git status -z -uall [5ms]
2023-05-30 20:10:41.152 [info] > git config --get commit.template [2ms]
2023-05-30 20:10:41.158 [info] > git for-each-ref --format=%(refname)%00%(upstream:short)%00%(objectname)%00%(upstream:track)%00%(upstream:remotename)%00%(upstream:remoteref) refs/heads/main refs/remotes/main [1ms]
2023-05-30 20:10:41.165 [info] > git status -z -uall [1ms]
2023-05-30 20:10:41.427 [info] > git show --textconv :hellow_world.txt [8ms]
2023-05-30 20:10:41.429 [info] > git ls-files --stage -- /home/odinstudent/repos/git_test/hellow_world.txt [3ms]
2023-05-30 20:10:41.436 [info] > git cat-file -s e69de29bb2d1d6434b8b29ae775ad8c2e48c5391 [2ms]
2023-05-30 20:10:41.647 [info] > git check-ignore -v -z --stdin [2ms]
2023-05-30 20:10:44.113 [info] > git rev-parse --show-toplevel [1ms]
2023-05-30 20:10:44.113 [info] fatal: not a git repository (or any of the parent directories): .git
2023-05-30 20:10:47.404 [info] > git show --textconv :README.md [13ms]
2023-05-30 20:10:47.405 [info] > git ls-files --stage -- /home/odinstudent/repos/git_test/README.md [10ms]
2023-05-30 20:10:47.412 [info] > git cat-file -s cb1d65675bc8e24a2c6af125252d5117c3324f63 [1ms]
2023-05-30 20:10:50.994 [info] > git show --textconv :wget-log [8ms]
2023-05-30 20:10:50.996 [info] > git ls-files --stage -- /home/odinstudent/repos/git_test/wget-log [4ms]
2023-05-30 20:10:54.620 [info] > git show --textconv :README.md [4ms]
2023-05-30 20:10:54.621 [info] > git ls-files --stage -- /home/odinstudent/repos/git_test/README.md [1ms]
2023-05-30 20:10:54.627 [info] > git cat-file -s cb1d65675bc8e24a2c6af125252d5117c3324f63 [1ms]
2023-05-30 20:10:55.187 [info] > git show --textconv :hellow_world.txt [5ms]
2023-05-30 20:10:55.188 [info] > git ls-files --stage -- /home/odinstudent/repos/git_test/hellow_world.txt [2ms]
2023-05-30 20:10:55.194 [info] > git cat-file -s e69de29bb2d1d6434b8b29ae775ad8c2e48c5391 [1ms]
2023-05-30 20:13:30.092 [info] > git rev-parse --show-toplevel [1ms]
2023-05-30 20:13:30.100 [info] > git rev-parse --git-dir --git-common-dir [0ms]
2023-05-30 20:13:30.110 [info] Open repository: /home/odinstudent/repos/odin-recipes
2023-05-30 20:13:30.129 [info] > git config --get commit.template [10ms]
2023-05-30 20:13:30.130 [info] > git for-each-ref --format=%(refname)%00%(upstream:short)%00%(objectname)%00%(upstream:track)%00%(upstream:remotename)%00%(upstream:remoteref) refs/heads/main refs/remotes/main [2ms]
2023-05-30 20:13:30.139 [info] > git status -z -uall [2ms]
2023-05-30 20:13:30.645 [info] > git check-ignore -v -z --stdin [1ms]
2023-05-30 20:13:46.736 [info] > git config --get commit.template [7ms]
2023-05-30 20:13:46.737 [info] > git for-each-ref --format=%(refname)%00%(upstream:short)%00%(objectname)%00%(upstream:track)%00%(upstream:remotename)%00%(upstream:remoteref) refs/heads/main refs/remotes/main [2ms]
2023-05-30 20:13:46.744 [info] > git status -z -uall [2ms]
2023-05-30 20:15:00.511 [info] > git check-ignore -v -z --stdin [2ms]
2023-05-30 20:15:06.575 [info] > git check-ignore -v -z --stdin [1ms]
2023-05-30 20:15:10.404 [info] > git rev-parse --show-toplevel [3ms]
2023-05-30 20:15:10.404 [info] fatal: not a git repository (or any of the parent directories): .git
2023-05-30 20:15:17.604 [info] > git rev-parse --show-toplevel [1ms]
2023-05-30 20:15:17.604 [info] fatal: not a git repository (or any of the parent directories): .git
2023-05-30 20:15:19.326 [info] > git rev-parse --show-toplevel [2ms]
2023-05-30 20:15:19.326 [info] fatal: not a git repository (or any of the parent directories): .git
2023-05-30 20:16:11.134 [info] > git check-ignore -v -z --stdin [2ms]
2023-05-30 20:17:12.861 [info] > git show --textconv :README.md [3ms]
2023-05-30 20:17:12.862 [info] > git ls-files --stage -- /home/odinstudent/repos/odin-recipes/README.md [1ms]
2023-05-30 20:17:12.872 [info] > git cat-file -s f499a87d6c56c0ece96402d4521d46e1b4147446 [1ms]
2023-05-30 20:18:20.817 [info] > git config --get commit.template [1ms]
2023-05-30 20:18:20.822 [info] > git for-each-ref --format=%(refname)%00%(upstream:short)%00%(objectname)%00%(upstream:track)%00%(upstream:remotename)%00%(upstream:remoteref) refs/heads/main refs/remotes/main [2ms]
2023-05-30 20:18:20.826 [info] > git status -z -uall [2ms]
2023-05-30 20:19:14.977 [info] > git config --get commit.template [8ms]
2023-05-30 20:19:14.979 [info] > git for-each-ref --format=%(refname)%00%(upstream:short)%00%(objectname)%00%(upstream:track)%00%(upstream:remotename)%00%(upstream:remoteref) refs/heads/main refs/remotes/main [2ms]
2023-05-30 20:19:14.988 [info] > git status -z -uall [2ms]
2023-05-30 20:23:23.348 [info] > git show --textconv :index.html [6ms]
2023-05-30 20:23:23.350 [info] > git ls-files --stage -- /home/odinstudent/repos/odin-recipes/index.html [2ms]
2023-05-30 20:23:23.592 [info] > git check-ignore -v -z --stdin [1ms]
2023-05-30 20:23:24.197 [info] > git config --get commit.template [5ms]
2023-05-30 20:23:24.198 [info] > git for-each-ref --format=%(refname)%00%(upstream:short)%00%(objectname)%00%(upstream:track)%00%(upstream:remotename)%00%(upstream:remoteref) refs/heads/main refs/remotes/main [2ms]
2023-05-30 20:23:24.203 [info] > git status -z -uall [1ms]
2023-05-30 20:33:56.247 [info] > git rev-parse --show-toplevel [2ms]
2023-05-30 20:33:56.247 [info] fatal: not a git repository (or any of the parent directories): .git
2023-05-30 20:34:04.844 [info] > git rev-parse --show-toplevel [2ms]
2023-05-30 20:34:04.844 [info] fatal: not a git repository (or any of the parent directories): .git
2023-05-30 20:34:15.196 [info] > git rev-parse --show-toplevel [2ms]
2023-05-30 20:34:15.196 [info] fatal: not a git repository (or any of the parent directories): .git
2023-05-30 20:34:15.204 [info] > git rev-parse --show-toplevel [1ms]
2023-05-30 20:34:15.204 [info] fatal: not a git repository (or any of the parent directories): .git
2023-05-30 20:37:04.389 [info] > git check-ignore -v -z --stdin [1ms]
2023-05-30 20:37:04.953 [info] > git config --get commit.template [5ms]
2023-05-30 20:37:04.954 [info] > git for-each-ref --format=%(refname)%00%(upstream:short)%00%(objectname)%00%(upstream:track)%00%(upstream:remotename)%00%(upstream:remoteref) refs/heads/main refs/remotes/main [2ms]
2023-05-30 20:37:04.961 [info] > git status -z -uall [1ms]
2023-05-30 20:37:59.079 [info] > git check-ignore -v -z --stdin [4ms]
2023-05-30 20:37:59.670 [info] > git config --get commit.template [8ms]
2023-05-30 20:37:59.670 [info] > git for-each-ref --format=%(refname)%00%(upstream:short)%00%(objectname)%00%(upstream:track)%00%(upstream:remotename)%00%(upstream:remoteref) refs/heads/main refs/remotes/main [1ms]
2023-05-30 20:37:59.684 [info] > git status -z -uall [5ms]
2023-05-30 20:38:20.274 [info] > git config --get commit.template [5ms]
2023-05-30 20:38:20.275 [info] > git for-each-ref --format=%(refname)%00%(upstream:short)%00%(objectname)%00%(upstream:track)%00%(upstream:remotename)%00%(upstream:remoteref) refs/heads/main refs/remotes/main [1ms]
2023-05-30 20:38:20.279 [info] > git status -z -uall [1ms]
2023-05-30 20:38:44.981 [info] > git check-ignore -v -z --stdin [1ms]
2023-05-30 20:38:45.602 [info] > git config --get commit.template [9ms]
2023-05-30 20:38:45.603 [info] > git for-each-ref --format=%(refname)%00%(upstream:short)%00%(objectname)%00%(upstream:track)%00%(upstream:remotename)%00%(upstream:remoteref) refs/heads/main refs/remotes/main [2ms]
2023-05-30 20:38:45.612 [info] > git status -z -uall [2ms]
2023-05-30 20:38:56.976 [info] > git rev-parse --show-toplevel [1ms]
2023-05-30 20:38:56.976 [info] fatal: not a git repository (or any of the parent directories): .git
2023-05-30 20:38:57.025 [info] > git rev-parse --show-toplevel [3ms]
2023-05-30 20:38:57.025 [info] fatal: not a git repository (or any of the parent directories): .git
2023-05-30 20:38:57.234 [info] > git show --textconv :recipes/carneasada.html [5ms]
2023-05-30 20:38:57.234 [info] > git ls-files --stage -- /home/odinstudent/repos/odin-recipes/recipes/carneasada.html [1ms]
2023-05-30 20:38:57.487 [info] > git check-ignore -v -z --stdin [1ms]
2023-05-30 20:38:58.049 [info] > git config --get commit.template [5ms]
2023-05-30 20:38:58.050 [info] > git for-each-ref --format=%(refname)%00%(upstream:short)%00%(objectname)%00%(upstream:track)%00%(upstream:remotename)%00%(upstream:remoteref) refs/heads/main refs/remotes/main [1ms]
2023-05-30 20:38:58.056 [info] > git status -z -uall [0ms]
2023-05-30 20:53:42.527 [info] > git rev-parse --show-toplevel [1ms]
2023-05-30 20:53:42.528 [info] fatal: not a git repository (or any of the parent directories): .git
2023-05-30 20:53:42.538 [info] > git rev-parse --show-toplevel [1ms]
2023-05-30 20:53:42.538 [info] fatal: not a git repository (or any of the parent directories): .git
2023-05-30 20:54:31.931 [info] > git rev-parse --show-toplevel [2ms]
2023-05-30 20:54:31.931 [info] fatal: not a git repository (or any of the parent directories): .git
2023-05-30 20:54:31.942 [info] > git rev-parse --show-toplevel [2ms]
2023-05-30 20:54:31.942 [info] fatal: not a git repository (or any of the parent directories): .git
2023-05-30 20:55:31.510 [info] > git config --get commit.template [4ms]
2023-05-30 20:55:31.511 [info] > git for-each-ref --format=%(refname)%00%(upstream:short)%00%(objectname)%00%(upstream:track)%00%(upstream:remotename)%00%(upstream:remoteref) refs/heads/main refs/remotes/main [1ms]
2023-05-30 20:55:31.520 [info] > git status -z -uall [1ms]
2023-05-30 20:55:31.869 [info] > git rev-parse --show-toplevel [1ms]
2023-05-30 20:55:31.869 [info] fatal: not a git repository (or any of the parent directories): .git
2023-05-30 20:55:31.874 [info] > git rev-parse --show-toplevel [1ms]
2023-05-30 20:55:31.874 [info] fatal: not a git repository (or any of the parent directories): .git
2023-05-30 20:55:36.532 [info] > git config --get commit.template [2ms]
2023-05-30 20:55:36.537 [info] > git for-each-ref --format=%(refname)%00%(upstream:short)%00%(objectname)%00%(upstream:track)%00%(upstream:remotename)%00%(upstream:remoteref) refs/heads/main refs/remotes/main [0ms]
2023-05-30 20:55:36.543 [info] > git status -z -uall [1ms]
2023-05-30 21:05:10.439 [info] > git config --get commit.template [1ms]
2023-05-30 21:05:10.446 [info] > git for-each-ref --format=%(refname)%00%(upstream:short)%00%(objectname)%00%(upstream:track)%00%(upstream:remotename)%00%(upstream:remoteref) refs/heads/main refs/remotes/main [1ms]
2023-05-30 21:05:10.452 [info] > git status -z -uall [1ms]
2023-05-30 21:15:35.599 [info] > git config --get commit.template [6ms]
2023-05-30 21:15:35.600 [info] > git for-each-ref --format=%(refname)%00%(upstream:short)%00%(objectname)%00%(upstream:track)%00%(upstream:remotename)%00%(upstream:remoteref) refs/heads/main refs/remotes/main [2ms]
2023-05-30 21:15:35.606 [info] > git status -z -uall [1ms]
2023-05-30 21:16:39.889 [info] > git config --get commit.template [8ms]
2023-05-30 21:16:39.890 [info] > git for-each-ref --format=%(refname)%00%(upstream:short)%00%(objectname)%00%(upstream:track)%00%(upstream:remotename)%00%(upstream:remoteref) refs/heads/main refs/remotes/main [2ms]
2023-05-30 21:16:39.896 [info] > git status -z -uall [2ms]
2023-05-30 21:16:52.128 [info] > git config --get commit.template [7ms]
2023-05-30 21:16:52.128 [info] > git for-each-ref --format=%(refname)%00%(upstream:short)%00%(objectname)%00%(upstream:track)%00%(upstream:remotename)%00%(upstream:remoteref) refs/heads/main refs/remotes/main [1ms]
2023-05-30 21:16:52.134 [info] > git status -z -uall [1ms]
2023-05-30 21:20:22.631 [info] > git rev-parse --show-toplevel [4ms]
2023-05-30 21:20:22.631 [info] fatal: not a git repository (or any of the parent directories): .git
2023-05-30 21:21:04.116 [info] > git rev-parse --show-toplevel [3ms]
2023-05-30 21:21:04.116 [info] fatal: not a git repository (or any of the parent directories): .git
2023-05-30 21:21:55.172 [info] > git config --get commit.template [8ms]
2023-05-30 21:21:55.172 [info] > git for-each-ref --format=%(refname)%00%(upstream:short)%00%(objectname)%00%(upstream:track)%00%(upstream:remotename)%00%(upstream:remoteref) refs/heads/main refs/remotes/main [2ms]
2023-05-30 21:21:55.178 [info] > git status -z -uall [1ms]
2023-05-30 21:24:14.934 [info] > git config --get commit.template [8ms]
2023-05-30 21:24:14.935 [info] > git for-each-ref --format=%(refname)%00%(upstream:short)%00%(objectname)%00%(upstream:track)%00%(upstream:remotename)%00%(upstream:remoteref) refs/heads/main refs/remotes/main [2ms]
2023-05-30 21:24:14.941 [info] > git status -z -uall [1ms]
2023-05-30 21:25:19.458 [info] > git config --get commit.template [1ms]
2023-05-30 21:25:19.462 [info] > git for-each-ref --format=%(refname)%00%(upstream:short)%00%(objectname)%00%(upstream:track)%00%(upstream:remotename)%00%(upstream:remoteref) refs/heads/main refs/remotes/main [0ms]
2023-05-30 21:25:19.466 [info] > git status -z -uall [1ms]
2023-05-30 21:25:41.943 [info] > git config --get commit.template [1ms]
2023-05-30 21:25:41.949 [info] > git for-each-ref --format=%(refname)%00%(upstream:short)%00%(objectname)%00%(upstream:track)%00%(upstream:remotename)%00%(upstream:remoteref) refs/heads/main refs/remotes/main [1ms]
2023-05-30 21:25:41.954 [info] > git status -z -uall [1ms]
2023-05-30 21:28:06.168 [info] > git config --get commit.template [7ms]
2023-05-30 21:28:06.169 [info] > git for-each-ref --format=%(refname)%00%(upstream:short)%00%(objectname)%00%(upstream:track)%00%(upstream:remotename)%00%(upstream:remoteref) refs/heads/main refs/remotes/main [2ms]
2023-05-30 21:28:06.176 [info] > git status -z -uall [2ms]
2023-05-30 21:29:32.525 [info] > git config --get commit.template [1ms]
2023-05-30 21:29:32.531 [info] > git for-each-ref --format=%(refname)%00%(upstream:short)%00%(objectname)%00%(upstream:track)%00%(upstream:remotename)%00%(upstream:remoteref) refs/heads/main refs/remotes/main [1ms]
2023-05-30 21:29:32.538 [info] > git status -z -uall [0ms]
2023-05-30 21:29:32.634 [info] > git ls-files --stage -- /home/odinstudent/repos/odin-recipes/index.html [5ms]
2023-05-30 21:29:32.634 [info] > git ls-files --stage -- /home/odinstudent/repos/odin-recipes/README.md [9ms]
2023-05-30 21:29:32.640 [info] > git cat-file -s f499a87d6c56c0ece96402d4521d46e1b4147446 [1ms]
2023-05-30 21:29:32.640 [info] > git ls-files --stage -- /home/odinstudent/repos/odin-recipes/recipes/carneasada.html [7ms]
2023-05-30 21:29:32.664 [info] > git show --textconv :index.html [15ms]
2023-05-30 21:29:32.664 [info] > git show --textconv :README.md [6ms]
2023-05-30 21:29:32.664 [info] > git show --textconv :recipes/carneasada.html [0ms]
2023-05-30 21:30:34.847 [info] > git config --get commit.template [2ms]
2023-05-30 21:30:34.853 [info] > git for-each-ref --format=%(refname)%00%(upstream:short)%00%(objectname)%00%(upstream:track)%00%(upstream:remotename)%00%(upstream:remoteref) refs/heads/main refs/remotes/main [2ms]
2023-05-30 21:30:34.857 [info] > git status -z -uall [1ms]
2023-05-30 21:30:34.956 [info] > git ls-files --stage -- /home/odinstudent/repos/odin-recipes/recipes/carneasada.html [1ms]
2023-05-30 21:30:34.963 [info] > git ls-files --stage -- /home/odinstudent/repos/odin-recipes/index.html [10ms]
2023-05-30 21:30:34.967 [info] > git ls-files --stage -- /home/odinstudent/repos/odin-recipes/README.md [17ms]
2023-05-30 21:30:34.972 [info] > git cat-file -s 1c7f78afe5037dd2feabad1f26c47aef6c66c6af [2ms]
2023-05-30 21:30:34.972 [info] > git cat-file -s d6fa746043ff44d2ed0df02f4190821a8b90c95b [5ms]
2023-05-30 21:30:34.972 [info] > git cat-file -s db462adbb2f183987f11d293dc15d41c231d467a [9ms]
2023-05-30 21:30:35.065 [info] > git show --textconv :README.md [50ms]
2023-05-30 21:30:35.065 [info] > git show --textconv :index.html [36ms]
2023-05-30 21:30:35.065 [info] > git show --textconv :recipes/carneasada.html [1ms]
2023-05-30 21:30:46.343 [info] > git config --get commit.template [3ms]
2023-05-30 21:30:46.350 [info] > git for-each-ref --format=%(refname)%00%(upstream:short)%00%(objectname)%00%(upstream:track)%00%(upstream:remotename)%00%(upstream:remoteref) refs/heads/main refs/remotes/main [2ms]
2023-05-30 21:30:46.354 [info] > git status -z -uall [1ms]
2023-05-30 21:30:46.453 [info] > git ls-files --stage -- /home/odinstudent/repos/odin-recipes/index.html [4ms]
2023-05-30 21:30:46.457 [info] > git ls-files --stage -- /home/odinstudent/repos/odin-recipes/README.md [13ms]
2023-05-30 21:30:46.460 [info] > git cat-file -s d6fa746043ff44d2ed0df02f4190821a8b90c95b [3ms]
2023-05-30 21:30:46.461 [info] > git ls-files --stage -- /home/odinstudent/repos/odin-recipes/recipes/carneasada.html [7ms]
2023-05-30 21:30:46.463 [info] > git cat-file -s 1c7f78afe5037dd2feabad1f26c47aef6c66c6af [3ms]
2023-05-30 21:30:46.464 [info] > git cat-file -s db462adbb2f183987f11d293dc15d41c231d467a [1ms]
2023-05-30 21:30:46.482 [info] > git show --textconv :index.html [10ms]
2023-05-30 21:30:46.483 [info] > git show --textconv :README.md [7ms]
2023-05-30 21:30:46.483 [info] > git show --textconv :recipes/carneasada.html [1ms]
2023-05-30 21:36:48.323 [info] > git rev-parse --show-toplevel [1ms]
2023-05-30 21:36:48.323 [info] fatal: not a git repository (or any of the parent directories): .git
2023-05-30 21:37:05.772 [info] > git show --textconv :hellow_world.txt [5ms]
2023-05-30 21:37:05.772 [info] > git ls-files --stage -- /home/odinstudent/repos/git_test/hellow_world.txt [0ms]
2023-05-30 21:37:05.776 [info] > git cat-file -s e69de29bb2d1d6434b8b29ae775ad8c2e48c5391 [0ms]
2023-05-30 21:37:42.780 [info] > git config --get commit.template [1ms]
2023-05-30 21:37:42.784 [info] > git for-each-ref --format=%(refname)%00%(upstream:short)%00%(objectname)%00%(upstream:track)%00%(upstream:remotename)%00%(upstream:remoteref) refs/heads/main refs/remotes/main [1ms]
2023-05-30 21:37:42.788 [info] > git status -z -uall [1ms]
2023-05-30 21:37:42.883 [info] > git ls-files --stage -- /home/odinstudent/repos/git_test/hellow_world.txt [1ms]
2023-05-30 21:37:42.888 [info] > git cat-file -s 8b137891791fe96927ad78e64b0aad7bded08bdc [1ms]
2023-05-30 21:37:42.898 [info] > git show --textconv :hellow_world.txt [1ms]
2023-05-30 21:38:27.075 [info] > git show --textconv :wget-log [7ms]
2023-05-30 21:38:27.077 [info] > git ls-files --stage -- /home/odinstudent/repos/git_test/wget-log [3ms]
2023-05-30 21:38:27.084 [info] > git cat-file -s ba06eac1784199ccea75bb728d609b87c0e99b2a [1ms]
2023-05-30 21:38:42.290 [info] > git show --textconv :wget-log [3ms]
2023-05-30 21:38:42.290 [info] > git ls-files --stage -- /home/odinstudent/repos/git_test/wget-log [1ms]
2023-05-30 21:38:42.294 [info] > git cat-file -s ba06eac1784199ccea75bb728d609b87c0e99b2a [0ms]
2023-05-30 21:38:59.520 [info] > git show --textconv :hellow_world.txt [5ms]
2023-05-30 21:38:59.521 [info] > git ls-files --stage -- /home/odinstudent/repos/git_test/hellow_world.txt [1ms]
2023-05-30 21:38:59.535 [info] > git cat-file -s 8b137891791fe96927ad78e64b0aad7bded08bdc [1ms]
2023-05-30 21:39:02.626 [info] > git config --get commit.template [5ms]
2023-05-30 21:39:02.626 [info] > git for-each-ref --format=%(refname)%00%(upstream:short)%00%(objectname)%00%(upstream:track)%00%(upstream:remotename)%00%(upstream:remoteref) refs/heads/main refs/remotes/main [1ms]
2023-05-30 21:39:02.632 [info] > git status -z -uall [1ms]
2023-05-30 21:39:03.927 [info] > git show --textconv :README.md [3ms]
2023-05-30 21:39:03.929 [info] > git ls-files --stage -- /home/odinstudent/repos/git_test/README.md [2ms]
2023-05-30 21:39:03.932 [info] > git cat-file -s cb1d65675bc8e24a2c6af125252d5117c3324f63 [1ms]
2023-05-30 21:39:05.693 [info] > git show --textconv :wget-log [3ms]
2023-05-30 21:39:05.694 [info] > git ls-files --stage -- /home/odinstudent/repos/git_test/wget-log [1ms]
2023-05-30 21:39:05.697 [info] > git cat-file -s ba06eac1784199ccea75bb728d609b87c0e99b2a [0ms]
2023-05-30 21:39:08.885 [info] > git config --get commit.template [4ms]
2023-05-30 21:39:08.887 [info] > git for-each-ref --format=%(refname)%00%(upstream:short)%00%(objectname)%00%(upstream:track)%00%(upstream:remotename)%00%(upstream:remoteref) refs/heads/main refs/remotes/main [1ms]
2023-05-30 21:39:08.891 [info] > git status -z -uall [1ms]
2023-05-30 21:39:10.102 [info] > git show --textconv :README.md [5ms]
2023-05-30 21:39:10.102 [info] > git ls-files --stage -- /home/odinstudent/repos/git_test/README.md [0ms]
2023-05-30 21:39:10.106 [info] > git cat-file -s cb1d65675bc8e24a2c6af125252d5117c3324f63 [1ms]
2023-05-30 21:39:13.902 [info] > git config --get commit.template [5ms]
2023-05-30 21:39:13.902 [info] > git for-each-ref --format=%(refname)%00%(upstream:short)%00%(objectname)%00%(upstream:track)%00%(upstream:remotename)%00%(upstream:remoteref) refs/heads/main refs/remotes/main [1ms]
2023-05-30 21:39:13.907 [info] > git status -z -uall [1ms]
2023-05-30 21:58:35.029 [info] > git rev-parse --show-toplevel [1ms]
2023-05-30 21:58:35.035 [info] > git rev-parse --git-dir --git-common-dir [1ms]
2023-05-30 21:58:35.040 [info] Open repository: /home/odinstudent/repos/css-exercises
2023-05-30 21:58:35.046 [info] > git config --get commit.template [1ms]
2023-05-30 21:58:35.049 [info] > git for-each-ref --format=%(refname)%00%(upstream:short)%00%(objectname)%00%(upstream:track)%00%(upstream:remotename)%00%(upstream:remoteref) refs/heads/main refs/remotes/main [0ms]
2023-05-30 21:58:35.054 [info] > git status -z -uall [1ms]
2023-05-30 21:58:35.623 [info] > git check-ignore -v -z --stdin [13ms]
2023-05-30 21:58:35.624 [info] > git check-ignore -v -z --stdin [6ms]
2023-05-30 21:58:35.624 [info] > git check-ignore -v -z --stdin [2ms]
2023-05-30 21:58:51.259 [info] > git config --get commit.template [5ms]
2023-05-30 21:58:51.259 [info] > git for-each-ref --format=%(refname)%00%(upstream:short)%00%(objectname)%00%(upstream:track)%00%(upstream:remotename)%00%(upstream:remoteref) refs/heads/main refs/remotes/main [1ms]
2023-05-30 21:58:51.263 [info] > git status -z -uall [1ms]
2023-05-30 22:08:35.749 [info] > git check-ignore -v -z --stdin [1ms]
2023-05-30 22:14:26.390 [warning] ENOENT: no such file or directory, open '/home/odinstudent/repos/css-exercises/.git/HEAD'
2023-05-30 22:14:26.402 [warning] getRemotes() - ENOENT: no such file or directory, open '/home/odinstudent/repos/css-exercises/.git/config'
2023-05-30 22:14:26.422 [warning] getRemotes() - ENOENT: no such file or directory, open '/home/odinstudent/repos/css-exercises/.git/config'
2023-05-30 22:14:26.426 [warning] ENOENT: no such file or directory, open '/home/odinstudent/repos/css-exercises/.git/HEAD'
2023-05-30 22:14:27.032 [info] > git check-ignore -v -z --stdin [7ms]
2023-05-30 22:14:27.033 [info] > git check-ignore -v -z --stdin [2ms]
2023-05-30 22:14:42.310 [info] > git check-ignore -v -z --stdin [1ms]
2023-05-30 22:14:44.427 [info] > git check-ignore -v -z --stdin [1ms]
2023-05-30 22:15:28.825 [info] > git rev-parse --show-toplevel [44ms]
2023-05-30 22:15:28.825 [info] fatal: not a git repository (or any of the parent directories): .git
2023-05-30 22:20:23.596 [info] > git rev-parse --show-toplevel [1ms]
2023-05-30 22:20:23.596 [info] fatal: not a git repository (or any of the parent directories): .git
2023-05-30 22:20:25.400 [info] > git rev-parse --show-toplevel [1ms]
2023-05-30 22:20:25.400 [info] fatal: not a git repository (or any of the parent directories): .git
2023-05-30 22:22:52.431 [info] > git rev-parse --show-toplevel [1ms]
2023-05-30 22:22:52.431 [info] fatal: not a git repository (or any of the parent directories): .git
2023-05-30 22:23:44.068 [info] > git rev-parse --show-toplevel [2ms]
2023-05-30 22:23:44.068 [info] fatal: not a git repository (or any of the parent directories): .git
2023-05-30 22:28:20.623 [info] > git rev-parse --show-toplevel [5ms]
2023-05-30 22:28:20.623 [info] fatal: not a git repository (or any of the parent directories): .git
2023-05-30 22:28:26.077 [info] > git rev-parse --show-toplevel [1ms]
2023-05-30 22:28:26.077 [info] fatal: not a git repository (or any of the parent directories): .git
2023-05-30 22:36:17.923 [info] > git rev-parse --show-toplevel [2ms]
2023-05-30 22:36:17.923 [info] fatal: not a git repository (or any of the parent directories): .git
2023-05-30 22:36:32.845 [info] > git rev-parse --show-toplevel [4ms]
2023-05-30 22:36:32.845 [info] fatal: not a git repository (or any of the parent directories): .git
2023-05-30 22:36:40.279 [info] > git rev-parse --show-toplevel [8ms]
2023-05-30 22:36:40.279 [info] fatal: not a git repository (or any of the parent directories): .git
2023-05-30 22:37:00.377 [info] > git rev-parse --show-toplevel [2ms]
2023-05-30 22:37:00.377 [info] fatal: not a git repository (or any of the parent directories): .git
2023-05-30 22:37:15.202 [info] > git rev-parse --show-toplevel [2ms]
2023-05-30 22:37:15.202 [info] fatal: not a git repository (or any of the parent directories): .git
2023-05-30 22:37:20.107 [info] > git rev-parse --show-toplevel [2ms]
2023-05-30 22:37:20.107 [info] fatal: not a git repository (or any of the parent directories): .git
2023-05-30 22:37:37.551 [info] > git rev-parse --show-toplevel [1ms]
2023-05-30 22:37:37.551 [info] fatal: not a git repository (or any of the parent directories): .git
2023-05-30 22:38:56.778 [info] > git rev-parse --show-toplevel [1ms]
2023-05-30 22:38:56.778 [info] fatal: not a git repository (or any of the parent directories): .git
2023-05-30 22:44:49.283 [info] > git rev-parse --show-toplevel [3ms]
2023-05-30 22:44:49.283 [info] fatal: not a git repository (or any of the parent directories): .git
2023-05-30 22:48:41.707 [info] > git rev-parse --show-toplevel [2ms]
2023-05-30 22:48:41.707 [info] fatal: not a git repository (or any of the parent directories): .git
2023-05-30 23:52:14.338 [info] > git rev-parse --show-toplevel [3ms]
2023-05-30 23:52:14.338 [info] fatal: not a git repository (or any of the parent directories): .git
2023-05-30 23:53:12.240 [info] > git rev-parse --show-toplevel [2ms]
2023-05-30 23:53:12.240 [info] fatal: not a git repository (or any of the parent directories): .git
2023-05-30 23:58:15.226 [info] > git rev-parse --show-toplevel [4ms]
2023-05-30 23:58:15.227 [info] fatal: not a git repository (or any of the parent directories): .git
2023-05-30 23:58:24.452 [info] > git rev-parse --show-toplevel [4ms]
2023-05-30 23:58:24.452 [info] fatal: not a git repository (or any of the parent directories): .git
2023-05-31 00:12:37.940 [info] > git rev-parse --show-toplevel [14ms]
2023-05-31 00:12:37.941 [info] fatal: not a git repository (or any of the parent directories): .git
2023-05-31 00:14:57.940 [info] > git rev-parse --show-toplevel [5ms]
2023-05-31 00:14:57.940 [info] fatal: not a git repository (or any of the parent directories): .git
2023-05-31 00:17:19.212 [info] > git rev-parse --show-toplevel [2ms]
2023-05-31 00:17:19.212 [info] fatal: not a git repository (or any of the parent directories): .git
2023-05-31 00:17:22.386 [info] > git rev-parse --show-toplevel [2ms]
2023-05-31 00:17:22.386 [info] fatal: not a git repository (or any of the parent directories): .git
2023-05-31 00:19:52.471 [info] > git rev-parse --show-toplevel [1ms]
2023-05-31 00:19:52.471 [info] fatal: not a git repository (or any of the parent directories): .git
2023-05-31 00:24:36.088 [info] > git rev-parse --show-toplevel [1ms]
2023-05-31 00:24:36.088 [info] fatal: not a git repository (or any of the parent directories): .git
2023-05-31 00:24:44.983 [info] > git rev-parse --show-toplevel [2ms]
2023-05-31 00:24:44.983 [info] fatal: not a git repository (or any of the parent directories): .git
2023-05-31 00:25:10.734 [info] > git rev-parse --show-toplevel [2ms]
2023-05-31 00:25:10.734 [info] fatal: not a git repository (or any of the parent directories): .git
2023-05-31 00:25:18.264 [info] > git rev-parse --show-toplevel [4ms]
2023-05-31 00:25:18.264 [info] fatal: not a git repository (or any of the parent directories): .git
2023-05-31 00:30:23.177 [info] > git rev-parse --show-toplevel [3ms]
2023-05-31 00:30:23.177 [info] fatal: not a git repository (or any of the parent directories): .git
2023-05-31 00:30:47.539 [info] > git rev-parse --show-toplevel [2ms]
2023-05-31 00:30:47.539 [info] fatal: not a git repository (or any of the parent directories): .git
2023-05-31 00:37:34.572 [info] > git rev-parse --show-toplevel [3ms]
2023-05-31 00:37:34.573 [info] fatal: not a git repository (or any of the parent directories): .git
2023-05-31 00:37:43.909 [info] > git rev-parse --show-toplevel [3ms]
2023-05-31 00:37:43.910 [info] fatal: not a git repository (or any of the parent directories): .git
2023-05-31 00:41:20.756 [info] > git rev-parse --show-toplevel [1ms]
2023-05-31 00:41:20.757 [info] fatal: not a git repository (or any of the parent directories): .git
2023-05-31 00:44:34.634 [info] > git rev-parse --show-toplevel [2ms]
2023-05-31 00:44:34.634 [info] fatal: not a git repository (or any of the parent directories): .git
2023-05-31 01:26:01.683 [info] > git rev-parse --show-toplevel [3ms]
2023-05-31 01:26:01.684 [info] fatal: not a git repository (or any of the parent directories): .git
2023-05-31 01:26:08.483 [info] > git rev-parse --show-toplevel [3ms]
2023-05-31 01:26:08.483 [info] fatal: not a git repository (or any of the parent directories): .git
2023-05-31 01:29:00.818 [info] > git rev-parse --show-toplevel [4ms]
2023-05-31 01:29:00.818 [info] fatal: not a git repository (or any of the parent directories): .git
2023-05-31 01:29:08.505 [info] > git rev-parse --show-toplevel [1ms]
2023-05-31 01:29:08.505 [info] fatal: not a git repository (or any of the parent directories): .git
2023-05-31 01:32:26.871 [info] > git rev-parse --show-toplevel [2ms]
2023-05-31 01:32:26.871 [info] fatal: not a git repository (or any of the parent directories): .git
2023-05-31 01:32:30.511 [info] > git rev-parse --show-toplevel [1ms]
2023-05-31 01:32:30.511 [info] fatal: not a git repository (or any of the parent directories): .git
2023-05-31 01:32:59.739 [info] > git rev-parse --show-toplevel [1ms]
2023-05-31 01:32:59.739 [info] fatal: not a git repository (or any of the parent directories): .git
2023-05-31 01:33:14.761 [info] > git rev-parse --show-toplevel [1ms]
2023-05-31 01:33:14.761 [info] fatal: not a git repository (or any of the parent directories): .git
2023-05-31 01:33:26.976 [info] > git rev-parse --show-toplevel [2ms]
2023-05-31 01:33:26.976 [info] fatal: not a git repository (or any of the parent directories): .git
2023-05-31 01:36:00.650 [info] > git rev-parse --show-toplevel [2ms]
2023-05-31 01:36:00.650 [info] fatal: not a git repository (or any of the parent directories): .git
2023-05-31 01:36:16.301 [info] > git rev-parse --show-toplevel [4ms]
2023-05-31 01:36:16.301 [info] fatal: not a git repository (or any of the parent directories): .git
2023-05-31 01:37:33.329 [info] > git rev-parse --show-toplevel [2ms]
2023-05-31 01:37:33.329 [info] fatal: not a git repository (or any of the parent directories): .git
2023-05-31 01:40:34.377 [info] > git rev-parse --show-toplevel [3ms]
2023-05-31 01:40:34.377 [info] fatal: not a git repository (or any of the parent directories): .git
2023-05-31 01:44:02.352 [info] > git rev-parse --show-toplevel [1ms]
2023-05-31 01:44:02.353 [info] fatal: not a git repository (or any of the parent directories): .git
2023-05-31 01:48:42.610 [info] > git rev-parse --show-toplevel [6ms]
2023-05-31 01:48:42.611 [info] fatal: not a git repository (or any of the parent directories): .git
2023-05-31 01:49:11.184 [info] > git rev-parse --show-toplevel [9ms]
2023-05-31 01:49:11.184 [info] fatal: not a git repository (or any of the parent directories): .git
2023-05-31 01:56:58.599 [info] > git rev-parse --show-toplevel [2ms]
2023-05-31 01:56:58.599 [info] fatal: not a git repository (or any of the parent directories): .git
2023-05-31 02:00:13.785 [info] > git rev-parse --show-toplevel [2ms]
2023-05-31 02:00:13.785 [info] fatal: not a git repository (or any of the parent directories): .git
2023-05-31 02:00:24.713 [info] > git rev-parse --show-toplevel [2ms]
2023-05-31 02:00:24.713 [info] fatal: not a git repository (or any of the parent directories): .git
2023-05-31 02:03:29.176 [info] > git rev-parse --show-toplevel [1ms]
2023-05-31 02:03:29.176 [info] fatal: not a git repository (or any of the parent directories): .git
2023-05-31 02:03:39.132 [info] > git rev-parse --show-toplevel [2ms]
2023-05-31 02:03:39.132 [info] fatal: not a git repository (or any of the parent directories): .git
2023-05-31 02:04:15.879 [info] > git rev-parse --show-toplevel [2ms]
2023-05-31 02:04:15.879 [info] fatal: not a git repository (or any of the parent directories): .git
2023-05-31 02:06:10.515 [info] > git rev-parse --show-toplevel [2ms]
2023-05-31 02:06:10.515 [info] fatal: not a git repository (or any of the parent directories): .git
2023-05-31 02:06:26.637 [info] > git rev-parse --show-toplevel [3ms]
2023-05-31 02:06:26.637 [info] fatal: not a git repository (or any of the parent directories): .git
2023-05-31 02:06:44.443 [info] > git rev-parse --show-toplevel [2ms]
2023-05-31 02:06:44.444 [info] fatal: not a git repository (or any of the parent directories): .git
2023-05-31 02:07:09.499 [info] > git rev-parse --show-toplevel [1ms]
2023-05-31 02:07:09.499 [info] fatal: not a git repository (or any of the parent directories): .git
2023-05-31 02:16:36.386 [info] > git rev-parse --show-toplevel [3ms]
2023-05-31 02:16:36.387 [info] fatal: not a git repository (or any of the parent directories): .git
2023-05-31 02:16:50.860 [info] > git rev-parse --show-toplevel [7ms]
2023-05-31 02:16:50.860 [info] fatal: not a git repository (or any of the parent directories): .git
2023-05-31 02:20:11.973 [info] > git rev-parse --show-toplevel [1ms]
2023-05-31 02:20:11.973 [info] fatal: not a git repository (or any of the parent directories): .git
2023-05-31 02:26:13.765 [info] > git rev-parse --show-toplevel [2ms]
2023-05-31 02:26:13.766 [info] fatal: not a git repository (or any of the parent directories): .git
2023-05-31 02:26:45.233 [info] > git rev-parse --show-toplevel [2ms]
2023-05-31 02:26:45.233 [info] fatal: not a git repository (or any of the parent directories): .git
2023-05-31 02:31:57.682 [info] > git rev-parse --show-toplevel [2ms]
2023-05-31 02:31:57.683 [info] fatal: not a git repository (or any of the parent directories): .git
2023-05-31 02:32:41.751 [info] > git rev-parse --show-toplevel [8ms]
2023-05-31 02:32:41.751 [info] fatal: not a git repository (or any of the parent directories): .git
2023-05-31 02:32:47.102 [info] > git rev-parse --show-toplevel [2ms]
2023-05-31 02:32:47.102 [info] fatal: not a git repository (or any of the parent directories): .git
2023-05-31 02:40:26.802 [info] > git rev-parse --show-toplevel [2ms]
2023-05-31 02:40:26.802 [info] fatal: not a git repository (or any of the parent directories): .git
2023-05-31 02:41:15.631 [info] > git rev-parse --show-toplevel [3ms]
2023-05-31 02:41:15.631 [info] fatal: not a git repository (or any of the parent directories): .git
2023-05-31 02:45:38.090 [info] > git rev-parse --show-toplevel [1ms]
2023-05-31 02:45:38.090 [info] fatal: not a git repository (or any of the parent directories): .git
2023-05-31 02:46:06.368 [info] > git rev-parse --show-toplevel [4ms]
2023-05-31 02:46:06.368 [info] fatal: not a git repository (or any of the parent directories): .git
2023-05-31 02:46:26.566 [info] > git rev-parse --show-toplevel [7ms]
2023-05-31 02:46:26.566 [info] fatal: not a git repository (or any of the parent directories): .git
2023-05-31 02:46:43.030 [info] > git rev-parse --show-toplevel [2ms]
2023-05-31 02:46:43.030 [info] fatal: not a git repository (or any of the parent directories): .git
2023-05-31 02:47:05.578 [info] > git rev-parse --show-toplevel [3ms]
2023-05-31 02:47:05.578 [info] fatal: not a git repository (or any of the parent directories): .git
2023-05-31 02:47:22.267 [info] > git rev-parse --show-toplevel [3ms]
2023-05-31 02:47:22.267 [info] fatal: not a git repository (or any of the parent directories): .git
2023-05-31 02:47:38.041 [info] > git rev-parse --show-toplevel [3ms]
2023-05-31 02:47:38.041 [info] fatal: not a git repository (or any of the parent directories): .git
2023-05-31 02:47:40.900 [info] > git rev-parse --show-toplevel [5ms]
2023-05-31 02:47:40.900 [info] fatal: not a git repository (or any of the parent directories): .git
2023-05-31 02:48:11.902 [info] > git rev-parse --show-toplevel [3ms]
2023-05-31 02:48:11.902 [info] fatal: not a git repository (or any of the parent directories): .git
2023-05-31 02:50:01.349 [info] > git rev-parse --show-toplevel [2ms]
2023-05-31 02:50:01.349 [info] fatal: not a git repository (or any of the parent directories): .git
2023-05-31 02:51:36.319 [info] > git rev-parse --show-toplevel [2ms]
2023-05-31 02:51:36.319 [info] fatal: not a git repository (or any of the parent directories): .git
2023-05-31 02:51:57.667 [info] > git rev-parse --show-toplevel [3ms]
2023-05-31 02:51:57.667 [info] fatal: not a git repository (or any of the parent directories): .git
2023-05-31 02:51:57.678 [info] > git rev-parse --show-toplevel [1ms]
2023-05-31 02:51:57.678 [info] fatal: not a git repository (or any of the parent directories): .git
2023-05-31 02:51:57.692 [info] > git rev-parse --show-toplevel [1ms]
2023-05-31 02:51:57.692 [info] fatal: not a git repository (or any of the parent directories): .git
