[Error - 8:02:14 PM] Error while computing completions for file:///home/odinstudent/mywebsite/html-boilerplate/index.html: Range#create called with invalid arguments[[object Object], [object Object], undefined, undefined]
Error: Range#create called with invalid arguments[[object Object], [object Object], undefined, undefined]
    at Object.e.create (/home/odinstudent/.vscode-server/bin/b3e4e68a0bc097f0ae7907b217c1119af9e03435/extensions/html-language-features/server/dist/node/htmlServerMain.js:1:1270860)
    at $ (/home/odinstudent/.vscode-server/bin/b3e4e68a0bc097f0ae7907b217c1119af9e03435/extensions/html-language-features/server/dist/node/htmlServerMain.js:1:794491)
    at j.computeCompletions (/home/odinstudent/.vscode-server/bin/b3e4e68a0bc097f0ae7907b217c1119af9e03435/extensions/html-language-features/server/dist/node/htmlServerMain.js:1:793768)
    at J.doComplete2 (/home/odinstudent/.vscode-server/bin/b3e4e68a0bc097f0ae7907b217c1119af9e03435/extensions/html-language-features/server/dist/node/htmlServerMain.js:1:795595)
    at doComplete (/home/odinstudent/.vscode-server/bin/b3e4e68a0bc097f0ae7907b217c1119af9e03435/extensions/html-language-features/server/dist/node/htmlServerMain.js:1:1367652)
    at /home/odinstudent/.vscode-server/bin/b3e4e68a0bc097f0ae7907b217c1119af9e03435/extensions/html-language-features/server/dist/node/htmlServerMain.js:1:1353729
    at runNextTicks (node:internal/process/task_queues:61:5)
    at processImmediate (node:internal/timers:437:9)
[Error - 8:02:15 PM] Error while computing completions for file:///home/odinstudent/mywebsite/html-boilerplate/index.html: Range#create called with invalid arguments[[object Object], [object Object], undefined, undefined]
Error: Range#create called with invalid arguments[[object Object], [object Object], undefined, undefined]
    at Object.e.create (/home/odinstudent/.vscode-server/bin/b3e4e68a0bc097f0ae7907b217c1119af9e03435/extensions/html-language-features/server/dist/node/htmlServerMain.js:1:1270860)
    at $ (/home/odinstudent/.vscode-server/bin/b3e4e68a0bc097f0ae7907b217c1119af9e03435/extensions/html-language-features/server/dist/node/htmlServerMain.js:1:794491)
    at j.computeCompletions (/home/odinstudent/.vscode-server/bin/b3e4e68a0bc097f0ae7907b217c1119af9e03435/extensions/html-language-features/server/dist/node/htmlServerMain.js:1:793768)
    at J.doComplete2 (/home/odinstudent/.vscode-server/bin/b3e4e68a0bc097f0ae7907b217c1119af9e03435/extensions/html-language-features/server/dist/node/htmlServerMain.js:1:795595)
    at doComplete (/home/odinstudent/.vscode-server/bin/b3e4e68a0bc097f0ae7907b217c1119af9e03435/extensions/html-language-features/server/dist/node/htmlServerMain.js:1:1367652)
    at /home/odinstudent/.vscode-server/bin/b3e4e68a0bc097f0ae7907b217c1119af9e03435/extensions/html-language-features/server/dist/node/htmlServerMain.js:1:1353729
[Error - 8:02:16 PM] Error while computing completions for file:///home/odinstudent/mywebsite/html-boilerplate/index.html: Range#create called with invalid arguments[[object Object], [object Object], undefined, undefined]
Error: Range#create called with invalid arguments[[object Object], [object Object], undefined, undefined]
    at Object.e.create (/home/odinstudent/.vscode-server/bin/b3e4e68a0bc097f0ae7907b217c1119af9e03435/extensions/html-language-features/server/dist/node/htmlServerMain.js:1:1270860)
    at $ (/home/odinstudent/.vscode-server/bin/b3e4e68a0bc097f0ae7907b217c1119af9e03435/extensions/html-language-features/server/dist/node/htmlServerMain.js:1:794491)
    at j.computeCompletions (/home/odinstudent/.vscode-server/bin/b3e4e68a0bc097f0ae7907b217c1119af9e03435/extensions/html-language-features/server/dist/node/htmlServerMain.js:1:793768)
    at J.doComplete2 (/home/odinstudent/.vscode-server/bin/b3e4e68a0bc097f0ae7907b217c1119af9e03435/extensions/html-language-features/server/dist/node/htmlServerMain.js:1:795595)
    at doComplete (/home/odinstudent/.vscode-server/bin/b3e4e68a0bc097f0ae7907b217c1119af9e03435/extensions/html-language-features/server/dist/node/htmlServerMain.js:1:1367652)
    at /home/odinstudent/.vscode-server/bin/b3e4e68a0bc097f0ae7907b217c1119af9e03435/extensions/html-language-features/server/dist/node/htmlServerMain.js:1:1353729
[Error - 8:02:18 PM] Error while computing completions for file:///home/odinstudent/mywebsite/html-boilerplate/index.html: Range#create called with invalid arguments[[object Object], [object Object], undefined, undefined]
Error: Range#create called with invalid arguments[[object Object], [object Object], undefined, undefined]
    at Object.e.create (/home/odinstudent/.vscode-server/bin/b3e4e68a0bc097f0ae7907b217c1119af9e03435/extensions/html-language-features/server/dist/node/htmlServerMain.js:1:1270860)
    at $ (/home/odinstudent/.vscode-server/bin/b3e4e68a0bc097f0ae7907b217c1119af9e03435/extensions/html-language-features/server/dist/node/htmlServerMain.js:1:794491)
    at j.computeCompletions (/home/odinstudent/.vscode-server/bin/b3e4e68a0bc097f0ae7907b217c1119af9e03435/extensions/html-language-features/server/dist/node/htmlServerMain.js:1:793768)
    at J.doComplete2 (/home/odinstudent/.vscode-server/bin/b3e4e68a0bc097f0ae7907b217c1119af9e03435/extensions/html-language-features/server/dist/node/htmlServerMain.js:1:795595)
    at doComplete (/home/odinstudent/.vscode-server/bin/b3e4e68a0bc097f0ae7907b217c1119af9e03435/extensions/html-language-features/server/dist/node/htmlServerMain.js:1:1367652)
    at /home/odinstudent/.vscode-server/bin/b3e4e68a0bc097f0ae7907b217c1119af9e03435/extensions/html-language-features/server/dist/node/htmlServerMain.js:1:1353729
    at runNextTicks (node:internal/process/task_queues:61:5)
    at processImmediate (node:internal/timers:437:9)
[Error - 8:02:19 PM] Error while computing completions for file:///home/odinstudent/mywebsite/html-boilerplate/index.html: Range#create called with invalid arguments[[object Object], [object Object], undefined, undefined]
Error: Range#create called with invalid arguments[[object Object], [object Object], undefined, undefined]
    at Object.e.create (/home/odinstudent/.vscode-server/bin/b3e4e68a0bc097f0ae7907b217c1119af9e03435/extensions/html-language-features/server/dist/node/htmlServerMain.js:1:1270860)
    at $ (/home/odinstudent/.vscode-server/bin/b3e4e68a0bc097f0ae7907b217c1119af9e03435/extensions/html-language-features/server/dist/node/htmlServerMain.js:1:794491)
    at j.computeCompletions (/home/odinstudent/.vscode-server/bin/b3e4e68a0bc097f0ae7907b217c1119af9e03435/extensions/html-language-features/server/dist/node/htmlServerMain.js:1:793768)
    at J.doComplete2 (/home/odinstudent/.vscode-server/bin/b3e4e68a0bc097f0ae7907b217c1119af9e03435/extensions/html-language-features/server/dist/node/htmlServerMain.js:1:795595)
    at doComplete (/home/odinstudent/.vscode-server/bin/b3e4e68a0bc097f0ae7907b217c1119af9e03435/extensions/html-language-features/server/dist/node/htmlServerMain.js:1:1367652)
    at /home/odinstudent/.vscode-server/bin/b3e4e68a0bc097f0ae7907b217c1119af9e03435/extensions/html-language-features/server/dist/node/htmlServerMain.js:1:1353729
[Error - 8:02:20 PM] Error while computing completions for file:///home/odinstudent/mywebsite/html-boilerplate/index.html: Range#create called with invalid arguments[[object Object], [object Object], undefined, undefined]
Error: Range#create called with invalid arguments[[object Object], [object Object], undefined, undefined]
    at Object.e.create (/home/odinstudent/.vscode-server/bin/b3e4e68a0bc097f0ae7907b217c1119af9e03435/extensions/html-language-features/server/dist/node/htmlServerMain.js:1:1270860)
    at $ (/home/odinstudent/.vscode-server/bin/b3e4e68a0bc097f0ae7907b217c1119af9e03435/extensions/html-language-features/server/dist/node/htmlServerMain.js:1:794491)
    at j.computeCompletions (/home/odinstudent/.vscode-server/bin/b3e4e68a0bc097f0ae7907b217c1119af9e03435/extensions/html-language-features/server/dist/node/htmlServerMain.js:1:793768)
    at J.doComplete2 (/home/odinstudent/.vscode-server/bin/b3e4e68a0bc097f0ae7907b217c1119af9e03435/extensions/html-language-features/server/dist/node/htmlServerMain.js:1:795595)
    at doComplete (/home/odinstudent/.vscode-server/bin/b3e4e68a0bc097f0ae7907b217c1119af9e03435/extensions/html-language-features/server/dist/node/htmlServerMain.js:1:1367652)
    at /home/odinstudent/.vscode-server/bin/b3e4e68a0bc097f0ae7907b217c1119af9e03435/extensions/html-language-features/server/dist/node/htmlServerMain.js:1:1353729
[Error - 8:02:21 PM] Error while computing completions for file:///home/odinstudent/mywebsite/html-boilerplate/index.html: Range#create called with invalid arguments[[object Object], [object Object], undefined, undefined]
Error: Range#create called with invalid arguments[[object Object], [object Object], undefined, undefined]
    at Object.e.create (/home/odinstudent/.vscode-server/bin/b3e4e68a0bc097f0ae7907b217c1119af9e03435/extensions/html-language-features/server/dist/node/htmlServerMain.js:1:1270860)
    at $ (/home/odinstudent/.vscode-server/bin/b3e4e68a0bc097f0ae7907b217c1119af9e03435/extensions/html-language-features/server/dist/node/htmlServerMain.js:1:794491)
    at j.computeCompletions (/home/odinstudent/.vscode-server/bin/b3e4e68a0bc097f0ae7907b217c1119af9e03435/extensions/html-language-features/server/dist/node/htmlServerMain.js:1:793768)
    at J.doComplete2 (/home/odinstudent/.vscode-server/bin/b3e4e68a0bc097f0ae7907b217c1119af9e03435/extensions/html-language-features/server/dist/node/htmlServerMain.js:1:795595)
    at doComplete (/home/odinstudent/.vscode-server/bin/b3e4e68a0bc097f0ae7907b217c1119af9e03435/extensions/html-language-features/server/dist/node/htmlServerMain.js:1:1367652)
    at /home/odinstudent/.vscode-server/bin/b3e4e68a0bc097f0ae7907b217c1119af9e03435/extensions/html-language-features/server/dist/node/htmlServerMain.js:1:1353729
