2023-05-14 08:38:47.814 [info] Log level: Info
2023-05-14 08:38:47.814 [info] Validating found git in: "git"
2023-05-14 08:38:47.814 [info] Using git "2.40.1" from "git"
2023-05-14 08:38:47.814 [info] > git rev-parse --show-toplevel [29ms]
2023-05-14 08:38:47.814 [info] fatal: not a git repository (or any of the parent directories): .git
2023-05-14 08:38:47.814 [info] > git rev-parse --show-toplevel [26ms]
2023-05-14 08:38:47.814 [info] fatal: not a git repository (or any of the parent directories): .git
2023-05-14 08:38:47.820 [info] > git rev-parse --show-toplevel [8ms]
2023-05-14 08:38:47.820 [info] fatal: not a git repository (or any of the parent directories): .git
2023-05-14 08:38:47.826 [info] > git rev-parse --show-toplevel [3ms]
2023-05-14 08:38:47.826 [info] fatal: not a git repository (or any of the parent directories): .git
2023-05-14 08:38:47.830 [info] > git rev-parse --show-toplevel [1ms]
2023-05-14 08:38:47.830 [info] fatal: not a git repository (or any of the parent directories): .git
2023-05-14 08:38:47.834 [info] > git rev-parse --show-toplevel [1ms]
2023-05-14 08:38:47.834 [info] fatal: not a git repository (or any of the parent directories): .git
2023-05-14 08:38:47.838 [info] > git rev-parse --show-toplevel [1ms]
2023-05-14 08:38:47.838 [info] fatal: not a git repository (or any of the parent directories): .git
2023-05-14 08:38:47.843 [info] > git rev-parse --show-toplevel [0ms]
2023-05-14 08:38:47.843 [info] fatal: not a git repository (or any of the parent directories): .git
2023-05-14 08:38:47.847 [info] > git rev-parse --show-toplevel [1ms]
2023-05-14 08:38:47.847 [info] fatal: not a git repository (or any of the parent directories): .git
2023-05-14 08:38:47.850 [info] > git rev-parse --show-toplevel [1ms]
2023-05-14 08:38:47.850 [info] fatal: not a git repository (or any of the parent directories): .git
2023-05-14 08:38:47.854 [info] > git rev-parse --show-toplevel [1ms]
2023-05-14 08:38:47.854 [info] fatal: not a git repository (or any of the parent directories): .git
2023-05-14 08:38:48.074 [info] > git rev-parse --show-toplevel [6ms]
2023-05-14 08:38:48.074 [info] fatal: not a git repository (or any of the parent directories): .git
2023-05-14 08:38:48.078 [info] > git rev-parse --show-toplevel [1ms]
2023-05-14 08:38:48.078 [info] fatal: not a git repository (or any of the parent directories): .git
2023-05-14 08:38:48.143 [info] > git rev-parse --show-toplevel [1ms]
2023-05-14 08:38:48.143 [info] fatal: not a git repository (or any of the parent directories): .git
2023-05-14 08:56:32.676 [info] > git rev-parse --show-toplevel [1ms]
2023-05-14 08:56:32.676 [info] fatal: not a git repository (or any of the parent directories): .git
2023-05-14 08:56:39.969 [info] > git rev-parse --show-toplevel [1ms]
2023-05-14 08:56:39.969 [info] fatal: not a git repository (or any of the parent directories): .git
2023-05-14 08:56:41.554 [info] > git rev-parse --show-toplevel [1ms]
2023-05-14 08:56:41.554 [info] fatal: not a git repository (or any of the parent directories): .git
2023-05-14 08:56:43.064 [info] > git rev-parse --show-toplevel [1ms]
2023-05-14 08:56:43.064 [info] fatal: not a git repository (or any of the parent directories): .git
2023-05-14 08:56:45.706 [info] > git rev-parse --show-toplevel [1ms]
2023-05-14 08:56:45.706 [info] fatal: not a git repository (or any of the parent directories): .git
2023-05-14 08:56:47.816 [info] > git rev-parse --show-toplevel [0ms]
2023-05-14 08:56:47.816 [info] fatal: not a git repository (or any of the parent directories): .git
2023-05-14 08:57:12.408 [info] > git rev-parse --show-toplevel [2ms]
2023-05-14 08:57:12.408 [info] fatal: not a git repository (or any of the parent directories): .git
2023-05-14 09:31:52.366 [info] > git rev-parse --show-toplevel [17ms]
2023-05-14 09:31:52.366 [info] fatal: not a git repository (or any of the parent directories): .git
2023-05-14 09:31:58.697 [info] > git rev-parse --show-toplevel [1ms]
2023-05-14 09:31:58.697 [info] fatal: not a git repository (or any of the parent directories): .git
2023-05-14 09:43:51.200 [info] > git rev-parse --show-toplevel [2ms]
2023-05-14 09:43:51.200 [info] fatal: not a git repository (or any of the parent directories): .git
2023-05-14 09:43:52.864 [info] > git rev-parse --show-toplevel [44ms]
2023-05-14 09:43:52.864 [info] fatal: not a git repository (or any of the parent directories): .git
2023-05-14 09:44:26.488 [info] > git rev-parse --show-toplevel [2ms]
2023-05-14 09:44:26.488 [info] fatal: not a git repository (or any of the parent directories): .git
2023-05-14 09:45:17.368 [info] > git rev-parse --show-toplevel [9ms]
2023-05-14 09:45:17.368 [info] fatal: not a git repository (or any of the parent directories): .git
2023-05-14 09:45:22.586 [info] > git rev-parse --show-toplevel [3ms]
2023-05-14 09:45:22.586 [info] fatal: not a git repository (or any of the parent directories): .git
2023-05-14 09:58:09.049 [info] > git rev-parse --show-toplevel [2ms]
2023-05-14 09:58:09.050 [info] fatal: not a git repository (or any of the parent directories): .git
2023-05-14 09:59:44.612 [info] > git rev-parse --show-toplevel [2ms]
2023-05-14 09:59:44.612 [info] fatal: not a git repository (or any of the parent directories): .git
2023-05-14 10:00:32.139 [info] > git rev-parse --show-toplevel [1ms]
2023-05-14 10:00:32.139 [info] fatal: not a git repository (or any of the parent directories): .git
2023-05-14 10:16:05.588 [info] > git rev-parse --show-toplevel [6ms]
2023-05-14 10:16:05.588 [info] fatal: not a git repository (or any of the parent directories): .git
2023-05-14 10:17:32.201 [info] > git rev-parse --show-toplevel [3ms]
2023-05-14 10:17:32.202 [info] fatal: not a git repository (or any of the parent directories): .git
2023-05-14 10:37:39.898 [info] > git rev-parse --show-toplevel [0ms]
2023-05-14 10:37:39.898 [info] fatal: not a git repository (or any of the parent directories): .git
