2023-07-02 21:50:23.852 [info] Log level: Info
2023-07-02 21:50:23.852 [info] Validating found git in: "git"
2023-07-02 21:50:23.852 [info] Using git "2.40.1" from "git"
2023-07-02 21:50:23.852 [info] > git rev-parse --show-toplevel [59ms]
2023-07-02 21:50:23.852 [info] fatal: not a git repository (or any of the parent directories): .git
2023-07-02 21:50:23.852 [info] > git rev-parse --show-toplevel [2ms]
2023-07-02 21:50:23.852 [info] fatal: not a git repository (or any of the parent directories): .git
2023-07-02 21:50:23.877 [info] > git rev-parse --show-toplevel [26ms]
2023-07-02 21:50:23.877 [info] fatal: not a git repository (or any of the parent directories): .git
2023-07-02 21:50:23.885 [info] > git rev-parse --show-toplevel [4ms]
2023-07-02 21:50:23.885 [info] fatal: not a git repository (or any of the parent directories): .git
2023-07-02 21:50:23.890 [info] > git rev-parse --show-toplevel [1ms]
2023-07-02 21:50:23.890 [info] fatal: not a git repository (or any of the parent directories): .git
2023-07-02 21:50:23.893 [info] > git rev-parse --show-toplevel [0ms]
2023-07-02 21:50:23.893 [info] fatal: not a git repository (or any of the parent directories): .git
2023-07-02 21:50:23.897 [info] > git rev-parse --show-toplevel [1ms]
2023-07-02 21:50:23.897 [info] fatal: not a git repository (or any of the parent directories): .git
2023-07-02 21:50:23.900 [info] > git rev-parse --show-toplevel [1ms]
2023-07-02 21:50:23.900 [info] fatal: not a git repository (or any of the parent directories): .git
2023-07-02 21:50:23.904 [info] > git rev-parse --show-toplevel [0ms]
2023-07-02 21:50:23.905 [info] fatal: not a git repository (or any of the parent directories): .git
2023-07-02 21:50:23.908 [info] > git rev-parse --show-toplevel [0ms]
2023-07-02 21:50:23.908 [info] fatal: not a git repository (or any of the parent directories): .git
2023-07-02 21:50:23.912 [info] > git rev-parse --show-toplevel [1ms]
2023-07-02 21:50:23.912 [info] fatal: not a git repository (or any of the parent directories): .git
2023-07-02 21:50:23.917 [info] > git rev-parse --show-toplevel [0ms]
2023-07-02 21:50:23.917 [info] fatal: not a git repository (or any of the parent directories): .git
