2023-06-02 20:01:50.896 [info] Log level: Info
2023-06-02 20:01:50.896 [info] Validating found git in: "git"
2023-06-02 20:01:50.896 [info] Using git "2.40.1" from "git"
2023-06-02 20:01:50.896 [info] > git rev-parse --show-toplevel [180ms]
2023-06-02 20:01:50.896 [info] fatal: not a git repository (or any of the parent directories): .git
2023-06-02 20:01:50.896 [info] > git rev-parse --show-toplevel [5ms]
2023-06-02 20:01:50.896 [info] fatal: not a git repository (or any of the parent directories): .git
2023-06-02 20:01:50.896 [info] > git rev-parse --show-toplevel [3ms]
2023-06-02 20:01:50.896 [info] fatal: not a git repository (or any of the parent directories): .git
2023-06-02 20:01:50.896 [info] > git rev-parse --show-toplevel [55ms]
2023-06-02 20:01:50.896 [info] fatal: not a git repository (or any of the parent directories): .git
2023-06-02 20:01:50.896 [info] > git rev-parse --show-toplevel [99ms]
2023-06-02 20:01:50.896 [info] fatal: not a git repository (or any of the parent directories): .git
2023-06-02 20:01:50.896 [info] > git rev-parse --show-toplevel [79ms]
2023-06-02 20:01:50.896 [info] fatal: not a git repository (or any of the parent directories): .git
2023-06-02 20:01:50.896 [info] > git rev-parse --show-toplevel [17ms]
2023-06-02 20:01:50.896 [info] fatal: not a git repository (or any of the parent directories): .git
2023-06-02 20:01:50.910 [info] > git rev-parse --show-toplevel [15ms]
2023-06-02 20:01:50.910 [info] fatal: not a git repository (or any of the parent directories): .git
2023-06-02 20:01:50.927 [info] > git rev-parse --show-toplevel [4ms]
2023-06-02 20:01:50.927 [info] fatal: not a git repository (or any of the parent directories): .git
2023-06-02 20:01:50.941 [info] > git rev-parse --show-toplevel [2ms]
2023-06-02 20:01:50.941 [info] fatal: not a git repository (or any of the parent directories): .git
2023-06-02 20:01:50.953 [info] > git rev-parse --show-toplevel [2ms]
2023-06-02 20:01:50.953 [info] fatal: not a git repository (or any of the parent directories): .git
2023-06-02 20:01:50.970 [info] > git rev-parse --show-toplevel [3ms]
2023-06-02 20:01:50.970 [info] fatal: not a git repository (or any of the parent directories): .git
2023-06-02 20:01:50.990 [info] > git rev-parse --show-toplevel [11ms]
2023-06-02 20:01:50.991 [info] fatal: not a git repository (or any of the parent directories): .git
2023-06-02 20:01:51.000 [info] > git rev-parse --show-toplevel [2ms]
2023-06-02 20:01:51.000 [info] fatal: not a git repository (or any of the parent directories): .git
2023-06-02 20:12:52.992 [info] > git rev-parse --show-toplevel [2ms]
2023-06-02 20:12:52.992 [info] fatal: not a git repository (or any of the parent directories): .git
2023-06-02 20:12:59.979 [info] > git rev-parse --show-toplevel [1ms]
2023-06-02 20:12:59.979 [info] fatal: not a git repository (or any of the parent directories): .git
2023-06-02 20:12:59.983 [info] > git rev-parse --show-toplevel [1ms]
2023-06-02 20:12:59.983 [info] fatal: not a git repository (or any of the parent directories): .git
