2023-05-18 19:24:06.006 [info] Log level: Info
2023-05-18 19:24:06.006 [info] Validating found git in: "git"
2023-05-18 19:24:06.006 [info] Using git "2.40.1" from "git"
2023-05-18 19:24:06.006 [info] > git rev-parse --show-toplevel [40ms]
2023-05-18 19:24:06.006 [info] fatal: not a git repository (or any of the parent directories): .git
2023-05-18 19:24:06.006 [info] > git rev-parse --show-toplevel [1ms]
2023-05-18 19:24:06.006 [info] fatal: not a git repository (or any of the parent directories): .git
2023-05-18 19:24:06.037 [info] > git rev-parse --show-toplevel [31ms]
2023-05-18 19:24:06.037 [info] fatal: not a git repository (or any of the parent directories): .git
2023-05-18 19:24:06.045 [info] > git rev-parse --show-toplevel [5ms]
2023-05-18 19:24:06.045 [info] fatal: not a git repository (or any of the parent directories): .git
2023-05-18 19:24:06.051 [info] > git rev-parse --show-toplevel [2ms]
2023-05-18 19:24:06.051 [info] fatal: not a git repository (or any of the parent directories): .git
2023-05-18 19:24:06.057 [info] > git rev-parse --show-toplevel [3ms]
2023-05-18 19:24:06.058 [info] fatal: not a git repository (or any of the parent directories): .git
2023-05-18 19:24:06.075 [info] > git rev-parse --show-toplevel [14ms]
2023-05-18 19:24:06.075 [info] fatal: not a git repository (or any of the parent directories): .git
2023-05-18 19:24:06.089 [info] > git rev-parse --show-toplevel [11ms]
2023-05-18 19:24:06.089 [info] fatal: not a git repository (or any of the parent directories): .git
2023-05-18 19:24:06.094 [info] > git rev-parse --show-toplevel [1ms]
2023-05-18 19:24:06.094 [info] fatal: not a git repository (or any of the parent directories): .git
2023-05-18 19:24:06.098 [info] > git rev-parse --show-toplevel [1ms]
2023-05-18 19:24:06.098 [info] fatal: not a git repository (or any of the parent directories): .git
2023-05-18 19:24:06.224 [info] > git rev-parse --show-toplevel [1ms]
2023-05-18 19:24:06.224 [info] fatal: not a git repository (or any of the parent directories): .git
2023-05-18 19:33:50.367 [info] > git rev-parse --show-toplevel [41ms]
2023-05-18 19:33:50.367 [info] fatal: not a git repository (or any of the parent directories): .git
2023-05-18 19:41:43.087 [info] > git rev-parse --show-toplevel [2ms]
2023-05-18 19:41:43.087 [info] fatal: not a git repository (or any of the parent directories): .git
2023-05-18 19:42:22.051 [info] > git rev-parse --show-toplevel [1ms]
2023-05-18 19:42:22.051 [info] fatal: not a git repository (or any of the parent directories): .git
2023-05-18 19:42:44.883 [info] > git rev-parse --show-toplevel [1ms]
2023-05-18 19:42:44.883 [info] fatal: not a git repository (or any of the parent directories): .git
2023-05-18 19:44:14.461 [info] > git rev-parse --show-toplevel [2ms]
2023-05-18 19:44:14.461 [info] fatal: not a git repository (or any of the parent directories): .git
2023-05-18 19:45:21.282 [info] > git rev-parse --show-toplevel [1ms]
2023-05-18 19:45:21.282 [info] fatal: not a git repository (or any of the parent directories): .git
2023-05-18 19:58:54.031 [info] > git rev-parse --show-toplevel [1ms]
2023-05-18 19:58:54.031 [info] fatal: not a git repository (or any of the parent directories): .git
2023-05-18 20:00:20.609 [info] > git rev-parse --show-toplevel [1ms]
2023-05-18 20:00:20.609 [info] fatal: not a git repository (or any of the parent directories): .git
2023-05-18 20:00:27.202 [info] > git rev-parse --show-toplevel [1ms]
2023-05-18 20:00:27.202 [info] fatal: not a git repository (or any of the parent directories): .git
2023-05-18 20:01:25.422 [info] > git rev-parse --show-toplevel [1ms]
2023-05-18 20:01:25.422 [info] fatal: not a git repository (or any of the parent directories): .git
2023-05-18 20:02:57.775 [info] > git rev-parse --show-toplevel [6ms]
2023-05-18 20:02:57.775 [info] fatal: not a git repository (or any of the parent directories): .git
2023-05-18 20:03:36.912 [info] > git rev-parse --show-toplevel [1ms]
2023-05-18 20:03:36.912 [info] fatal: not a git repository (or any of the parent directories): .git
2023-05-18 20:04:33.133 [info] > git rev-parse --show-toplevel [1ms]
2023-05-18 20:04:33.133 [info] fatal: not a git repository (or any of the parent directories): .git
2023-05-18 20:04:46.937 [info] > git rev-parse --show-toplevel [1ms]
2023-05-18 20:04:46.938 [info] fatal: not a git repository (or any of the parent directories): .git
2023-05-18 20:09:09.391 [info] > git rev-parse --show-toplevel [6ms]
2023-05-18 20:09:09.391 [info] fatal: not a git repository (or any of the parent directories): .git
2023-05-18 20:09:11.191 [info] > git rev-parse --show-toplevel [1ms]
2023-05-18 20:09:11.191 [info] fatal: not a git repository (or any of the parent directories): .git
2023-05-18 20:11:01.201 [info] > git rev-parse --show-toplevel [2ms]
2023-05-18 20:11:01.201 [info] fatal: not a git repository (or any of the parent directories): .git
2023-05-18 20:11:04.927 [info] > git rev-parse --show-toplevel [1ms]
2023-05-18 20:11:04.927 [info] fatal: not a git repository (or any of the parent directories): .git
2023-05-18 20:12:57.763 [info] > git rev-parse --show-toplevel [1ms]
2023-05-18 20:12:57.763 [info] fatal: not a git repository (or any of the parent directories): .git
2023-05-18 20:13:04.628 [info] > git rev-parse --show-toplevel [0ms]
2023-05-18 20:13:04.629 [info] fatal: not a git repository (or any of the parent directories): .git
2023-05-18 20:13:06.412 [info] > git rev-parse --show-toplevel [1ms]
2023-05-18 20:13:06.412 [info] fatal: not a git repository (or any of the parent directories): .git
2023-05-18 20:14:15.101 [info] > git rev-parse --show-toplevel [1ms]
2023-05-18 20:14:15.101 [info] fatal: not a git repository (or any of the parent directories): .git
2023-05-18 20:14:17.268 [info] > git rev-parse --show-toplevel [1ms]
2023-05-18 20:14:17.268 [info] fatal: not a git repository (or any of the parent directories): .git
2023-05-18 20:14:30.381 [info] > git rev-parse --show-toplevel [1ms]
2023-05-18 20:14:30.381 [info] fatal: not a git repository (or any of the parent directories): .git
2023-05-18 20:14:31.760 [info] > git rev-parse --show-toplevel [0ms]
2023-05-18 20:14:31.761 [info] fatal: not a git repository (or any of the parent directories): .git
2023-05-18 20:14:57.415 [info] > git rev-parse --show-toplevel [2ms]
2023-05-18 20:14:57.415 [info] fatal: not a git repository (or any of the parent directories): .git
2023-05-18 20:16:52.323 [info] > git rev-parse --show-toplevel [1ms]
2023-05-18 20:16:52.323 [info] fatal: not a git repository (or any of the parent directories): .git
2023-05-18 20:17:03.027 [info] > git rev-parse --show-toplevel [2ms]
2023-05-18 20:17:03.027 [info] fatal: not a git repository (or any of the parent directories): .git
2023-05-18 20:17:05.056 [info] > git rev-parse --show-toplevel [2ms]
2023-05-18 20:17:05.056 [info] fatal: not a git repository (or any of the parent directories): .git
2023-05-18 20:17:11.863 [info] > git rev-parse --show-toplevel [1ms]
2023-05-18 20:17:11.863 [info] fatal: not a git repository (or any of the parent directories): .git
2023-05-18 20:20:43.659 [info] > git rev-parse --show-toplevel [1ms]
2023-05-18 20:20:43.659 [info] fatal: not a git repository (or any of the parent directories): .git
2023-05-18 20:20:59.620 [info] > git rev-parse --show-toplevel [0ms]
2023-05-18 20:20:59.620 [info] fatal: not a git repository (or any of the parent directories): .git
2023-05-18 20:21:34.409 [info] > git rev-parse --show-toplevel [0ms]
2023-05-18 20:21:34.409 [info] fatal: not a git repository (or any of the parent directories): .git
2023-05-18 20:21:51.203 [info] > git rev-parse --show-toplevel [1ms]
2023-05-18 20:21:51.204 [info] fatal: not a git repository (or any of the parent directories): .git
2023-05-18 20:23:43.495 [info] > git rev-parse --show-toplevel [1ms]
2023-05-18 20:23:43.495 [info] fatal: not a git repository (or any of the parent directories): .git
2023-05-18 20:23:54.630 [info] > git rev-parse --show-toplevel [1ms]
2023-05-18 20:23:54.630 [info] fatal: not a git repository (or any of the parent directories): .git
2023-05-18 20:26:59.468 [info] > git rev-parse --show-toplevel [3ms]
2023-05-18 20:26:59.468 [info] fatal: not a git repository (or any of the parent directories): .git
2023-05-18 20:27:00.890 [info] > git rev-parse --show-toplevel [1ms]
2023-05-18 20:27:00.890 [info] fatal: not a git repository (or any of the parent directories): .git
2023-05-18 20:27:31.353 [info] > git rev-parse --show-toplevel [1ms]
2023-05-18 20:27:31.353 [info] fatal: not a git repository (or any of the parent directories): .git
2023-05-18 20:30:40.076 [info] > git rev-parse --show-toplevel [1ms]
2023-05-18 20:30:40.076 [info] fatal: not a git repository (or any of the parent directories): .git
2023-05-18 20:31:27.600 [info] > git rev-parse --show-toplevel [1ms]
2023-05-18 20:31:27.600 [info] fatal: not a git repository (or any of the parent directories): .git
2023-05-18 20:31:38.947 [info] > git rev-parse --show-toplevel [1ms]
2023-05-18 20:31:38.947 [info] fatal: not a git repository (or any of the parent directories): .git
2023-05-18 20:31:39.094 [info] > git rev-parse --show-toplevel [2ms]
2023-05-18 20:31:39.094 [info] fatal: not a git repository (or any of the parent directories): .git
2023-05-18 20:31:53.112 [info] > git rev-parse --show-toplevel [1ms]
2023-05-18 20:31:53.112 [info] fatal: not a git repository (or any of the parent directories): .git
2023-05-18 20:32:05.005 [info] > git rev-parse --show-toplevel [3ms]
2023-05-18 20:32:05.005 [info] fatal: not a git repository (or any of the parent directories): .git
2023-05-18 20:32:07.641 [info] > git rev-parse --show-toplevel [1ms]
2023-05-18 20:32:07.641 [info] fatal: not a git repository (or any of the parent directories): .git
2023-05-18 20:34:36.479 [info] > git rev-parse --show-toplevel [1ms]
2023-05-18 20:34:36.479 [info] fatal: not a git repository (or any of the parent directories): .git
2023-05-18 20:34:39.902 [info] > git rev-parse --show-toplevel [2ms]
2023-05-18 20:34:39.902 [info] fatal: not a git repository (or any of the parent directories): .git
2023-05-18 20:34:59.470 [info] > git rev-parse --show-toplevel [1ms]
2023-05-18 20:34:59.470 [info] fatal: not a git repository (or any of the parent directories): .git
2023-05-18 20:36:24.248 [info] > git rev-parse --show-toplevel [1ms]
2023-05-18 20:36:24.249 [info] fatal: not a git repository (or any of the parent directories): .git
2023-05-18 20:38:15.058 [info] > git rev-parse --show-toplevel [2ms]
2023-05-18 20:38:15.058 [info] fatal: not a git repository (or any of the parent directories): .git
2023-05-18 20:38:41.341 [info] > git rev-parse --show-toplevel [1ms]
2023-05-18 20:38:41.342 [info] fatal: not a git repository (or any of the parent directories): .git
2023-05-18 20:38:43.711 [info] > git rev-parse --show-toplevel [6ms]
2023-05-18 20:38:43.711 [info] fatal: not a git repository (or any of the parent directories): .git
2023-05-18 20:42:38.341 [info] > git rev-parse --show-toplevel [2ms]
2023-05-18 20:42:38.341 [info] fatal: not a git repository (or any of the parent directories): .git
2023-05-18 20:43:09.305 [info] > git rev-parse --show-toplevel [1ms]
2023-05-18 20:43:09.305 [info] fatal: not a git repository (or any of the parent directories): .git
2023-05-18 20:54:46.634 [info] > git rev-parse --show-toplevel [1ms]
2023-05-18 20:54:46.634 [info] fatal: not a git repository (or any of the parent directories): .git
2023-05-18 20:56:04.292 [info] > git rev-parse --show-toplevel [1ms]
2023-05-18 20:56:04.292 [info] fatal: not a git repository (or any of the parent directories): .git
